<?xml version="1.0" encoding="UTF-8"?>
<!-- Generated by org.testng.reporters.JUnitReportReporter -->
<testsuite skipped="0" hostname="LONLP-243" name="testcases.LogTest2" tests="1" failures="0" timestamp="2020-10-24T13:50:53 BST" time="19.620" errors="0">
  <testcase name="loginTest" time="19.620" classname="testcases.LogTest2"/>
</testsuite> <!-- testcases.LogTest2 -->
